[21:44:47] [ServerMain/INFO]: Environment: Environment[sessionHost=https://sessionserver.mojang.com, servicesHost=https://api.minecraftservices.com, name=PROD]
[21:44:48] [ServerMain/INFO]: No existing world data, creating new world
[21:44:49] [ServerMain/INFO]: Loaded 1290 recipes
[21:44:49] [ServerMain/INFO]: Loaded 1399 advancements
[21:44:49] [Server thread/INFO]: Starting minecraft server version 1.21
[21:44:49] [Server thread/INFO]: Loading properties
[21:44:49] [Server thread/INFO]: Default game type: SURVIVAL
[21:44:49] [Server thread/INFO]: Generating keypair
[21:44:49] [Server thread/INFO]: Starting Minecraft server on *:25565
[21:44:50] [Server thread/INFO]: Using epoll channel type
[21:44:50] [Server thread/WARN]: **** SERVER IS RUNNING IN OFFLINE/INSECURE MODE!
[21:44:50] [Server thread/WARN]: The server will make no attempt to authenticate usernames. Beware.
[21:44:50] [Server thread/WARN]: While this makes the game possible to play without internet access, it also opens up the ability for hackers to connect with any username they choose.
[21:44:50] [Server thread/WARN]: To change this, set "online-mode" to "true" in the server.properties file.
[21:44:50] [Server thread/INFO]: Preparing level "world"
[21:44:55] [Server thread/INFO]: Preparing start region for dimension minecraft:overworld
[21:44:55] [Worker-Main-2/INFO]: Preparing spawn area: 2%
[21:44:55] [Worker-Main-3/INFO]: Preparing spawn area: 2%
[21:44:56] [Worker-Main-3/INFO]: Preparing spawn area: 2%
[21:44:56] [Worker-Main-2/INFO]: Preparing spawn area: 2%
[21:44:58] [Worker-Main-3/INFO]: Preparing spawn area: 18%
[21:44:58] [Worker-Main-3/INFO]: Preparing spawn area: 18%
[21:44:58] [Worker-Main-3/INFO]: Preparing spawn area: 18%
[21:44:58] [Worker-Main-2/INFO]: Preparing spawn area: 18%
[21:44:59] [Worker-Main-1/INFO]: Preparing spawn area: 22%
[21:44:59] [Worker-Main-3/INFO]: Preparing spawn area: 51%
[21:45:00] [Worker-Main-1/INFO]: Preparing spawn area: 51%
[21:45:00] [Server thread/INFO]: Time elapsed: 5435 ms
[21:45:00] [Server thread/INFO]: Done (10.627s)! For help, type "help"
[21:46:37] [Server thread/INFO]: x6Jxison[/127.21.171.204:41289] logged in with entity id 21 at (-28.5, 64.0, -83.5)
[21:46:37] [Server thread/INFO]: x6Jxison joined the game
[21:49:53] [Server thread/INFO]: x6Jxison has made the advancement [Stone Age]
[21:50:21] [Server thread/INFO]: x6Jxison has made the advancement [Getting an Upgrade]
[21:51:10] [Server thread/INFO]: x6Jxison lost connection: Disconnected
[21:51:10] [Server thread/INFO]: x6Jxison left the game
